<?xml version="1.0"?>
<testsuite name="Chrome Headless 147.0.0.0 (Windows 10)" package="" timestamp="2026-05-01T14:28:12" id="0" hostname="Ines" tests="160" errors="0" failures="0" time="0.648">
  <properties>
    <property name="browser.fullName" value="Mozilla/5.0 (Windows NT 10.0; Win64; x64) AppleWebKit/537.36 (KHTML, like Gecko) HeadlessChrome/147.0.0.0 Safari/537.36"/>
  </properties>
  <testcase name="InstallmentPaymentComponent devrait vérifier solde Wafa" time="0.061" classname="InstallmentPaymentComponent"/>
  <testcase name="InstallmentPaymentComponent devrait confirmer paiement Wafa" time="0.004" classname="InstallmentPaymentComponent"/>
  <testcase name="InstallmentPaymentComponent devrait renvoyer OTP" time="0.003" classname="InstallmentPaymentComponent"/>
  <testcase name="InstallmentPaymentComponent devrait bloquer si téléphone vide" time="0.002" classname="InstallmentPaymentComponent"/>
  <testcase name="InstallmentPaymentComponent devrait revenir page payment" time="0.003" classname="InstallmentPaymentComponent"/>
  <testcase name="InstallmentPaymentComponent devrait vérifier OTP puis créer plan" time="0.002" classname="InstallmentPaymentComponent"/>
  <testcase name="InstallmentPaymentComponent devrait charger le panier" time="0.003" classname="InstallmentPaymentComponent"/>
  <testcase name="InstallmentPaymentComponent devrait initier Flouci" time="0.014" classname="InstallmentPaymentComponent"/>
  <testcase name="InstallmentPaymentComponent format timer correct" time="0.003" classname="InstallmentPaymentComponent"/>
  <testcase name="InstallmentPaymentComponent devrait générer code Bakchich" time="0.003" classname="InstallmentPaymentComponent"/>
  <testcase name="InstallmentPaymentComponent devrait créer le composant" time="0.002" classname="InstallmentPaymentComponent"/>
  <testcase name="AdminInstallmentsComponent devrait formater date" time="0.066" classname="AdminInstallmentsComponent"/>
  <testcase name="AdminInstallmentsComponent devrait charger refunds" time="0.002" classname="AdminInstallmentsComponent"/>
  <testcase name="AdminInstallmentsComponent devrait charger les plans" time="0.002" classname="AdminInstallmentsComponent"/>
  <testcase name="AdminInstallmentsComponent devrait calculer stats" time="0.002" classname="AdminInstallmentsComponent"/>
  <testcase name="AdminInstallmentsComponent devrait approuver refund" time="0.002" classname="AdminInstallmentsComponent"/>
  <testcase name="AdminInstallmentsComponent devrait supprimer plan" time="0.003" classname="AdminInstallmentsComponent"/>
  <testcase name="AdminInstallmentsComponent devrait filtrer plans" time="0.002" classname="AdminInstallmentsComponent"/>
  <testcase name="AdminReclamationsComponent should open detail" time="0.058" classname="AdminReclamationsComponent"/>
  <testcase name="AdminReclamationsComponent should update status" time="0.004" classname="AdminReclamationsComponent"/>
  <testcase name="AdminReclamationsComponent should toggle gravity sort" time="0.002" classname="AdminReclamationsComponent"/>
  <testcase name="AdminReclamationsComponent should load data on init" time="0.013" classname="AdminReclamationsComponent"/>
  <testcase name="AdminReclamationsComponent should send response" time="0.003" classname="AdminReclamationsComponent"/>
  <testcase name="AdminReclamationsComponent should delete reclamation" time="0.002" classname="AdminReclamationsComponent"/>
  <testcase name="AdminReclamationsComponent should filter by status" time="0.002" classname="AdminReclamationsComponent"/>
  <testcase name="AdminReclamationsComponent should reset filters" time="0.003" classname="AdminReclamationsComponent"/>
  <testcase name="AdminReclamationsComponent should create" time="0.007" classname="AdminReclamationsComponent"/>
  <testcase name="AdminReclamationsComponent should show notification" time="0.003" classname="AdminReclamationsComponent"/>
  <testcase name="AdminEnrollmentsComponent devrait calculer moyenne progress" time="0.015" classname="AdminEnrollmentsComponent"/>
  <testcase name="AdminEnrollmentsComponent devrait cancel enrollment" time="0.003" classname="AdminEnrollmentsComponent"/>
  <testcase name="AdminEnrollmentsComponent devrait retourner couleur status" time="0.002" classname="AdminEnrollmentsComponent"/>
  <testcase name="AdminEnrollmentsComponent devrait compter par progress" time="0.006" classname="AdminEnrollmentsComponent"/>
  <testcase name="AdminEnrollmentsComponent devrait calculer completed" time="0.002" classname="AdminEnrollmentsComponent"/>
  <testcase name="AdminEnrollmentsComponent devrait créer composant" time="0.002" classname="AdminEnrollmentsComponent"/>
  <testcase name="AdminEnrollmentsComponent devrait update status" time="0.002" classname="AdminEnrollmentsComponent"/>
  <testcase name="AdminEnrollmentsComponent devrait calculer total" time="0.002" classname="AdminEnrollmentsComponent"/>
  <testcase name="AdminEnrollmentsComponent devrait calculer active" time="0.002" classname="AdminEnrollmentsComponent"/>
  <testcase name="AdminEnrollmentsComponent devrait charger les enrollments" time="0.002" classname="AdminEnrollmentsComponent"/>
  <testcase name="AdminEnrollmentsComponent devrait filtrer par status" time="0.001" classname="AdminEnrollmentsComponent"/>
  <testcase name="RefundLearnerComponent devrait charger refunds" time="0.013" classname="RefundLearnerComponent"/>
  <testcase name="RefundLearnerComponent devrait ouvrir modal refund" time="0.002" classname="RefundLearnerComponent"/>
  <testcase name="RefundLearnerComponent devrait fermer modal" time="0.002" classname="RefundLearnerComponent"/>
  <testcase name="RefundLearnerComponent devrait charger factures sans erreur" time="0.001" classname="RefundLearnerComponent"/>
  <testcase name="RefundLearnerComponent devrait détecter deadline expirée" time="0.002" classname="RefundLearnerComponent"/>
  <testcase name="RefundLearnerComponent devrait charger user + invoices + refunds" time="0.002" classname="RefundLearnerComponent"/>
  <testcase name="RefundLearnerComponent devrait envoyer demande refund" time="0.001" classname="RefundLearnerComponent"/>
  <testcase name="RefundLearnerComponent devrait détecter refund existant" time="0.001" classname="RefundLearnerComponent"/>
  <testcase name="RefundLearnerComponent ne doit rien envoyer si raison vide" time="0.001" classname="RefundLearnerComponent"/>
  <testcase name="RefundLearnerComponent devrait compter refunds pending" time="0.001" classname="RefundLearnerComponent"/>
  <testcase name="RefundLearnerComponent devrait retourner deadline" time="0.001" classname="RefundLearnerComponent"/>
  <testcase name="RefundLearnerComponent devrait revenir success page" time="0.002" classname="RefundLearnerComponent"/>
  <testcase name="RefundLearnerComponent devrait créer le composant" time="0.001" classname="RefundLearnerComponent"/>
  <testcase name="PaymentComponent devrait renvoyer OTP" time="0.016" classname="PaymentComponent"/>
  <testcase name="PaymentComponent timer format" time="0.002" classname="PaymentComponent"/>
  <testcase name="PaymentComponent devrait payer Wafa si solde suffisant" time="0.002" classname="PaymentComponent"/>
  <testcase name="PaymentComponent devrait vérifier OTP" time="0.002" classname="PaymentComponent"/>
  <testcase name="PaymentComponent devrait vérifier solde Wafa" time="0.001" classname="PaymentComponent"/>
  <testcase name="PaymentComponent final amount avec coupon" time="0.002" classname="PaymentComponent"/>
  <testcase name="PaymentComponent devrait initier Flouci OTP" time="0.002" classname="PaymentComponent"/>
  <testcase name="PaymentComponent devrait créer le composant" time="0.002" classname="PaymentComponent"/>
  <testcase name="PaymentComponent devrait charger user et panier" time="0.002" classname="PaymentComponent"/>
  <testcase name="PaymentComponent installment" time="0.001" classname="PaymentComponent"/>
  <testcase name="PaymentComponent devrait générer code Bakchich" time="0.002" classname="PaymentComponent"/>
  <testcase name="PaymentComponent devrait appliquer coupon" time="0.001" classname="PaymentComponent"/>
  <testcase name="PaymentComponent valid phone" time="0.004" classname="PaymentComponent"/>
  <testcase name="PaymentComponent go back" time="0.002" classname="PaymentComponent"/>
  <testcase name="PaymentComponent devrait retirer coupon" time="0.002" classname="PaymentComponent"/>
  <testcase name="CartComponent devrait créer le composant" time="0.01" classname="CartComponent"/>
  <testcase name="CartComponent devrait gérer une erreur de chargement panier" time="0.002" classname="CartComponent"/>
  <testcase name="CartComponent devrait supprimer un item du panier" time="0.001" classname="CartComponent"/>
  <testcase name="CartComponent devrait récupérer l’utilisateur au ngOnInit" time="0.001" classname="CartComponent"/>
  <testcase name="CartComponent devrait détecter panier vide" time="0.001" classname="CartComponent"/>
  <testcase name="CartComponent devrait voir un cours" time="0.002" classname="CartComponent"/>
  <testcase name="CartComponent ne doit pas supprimer si cancel" time="0.001" classname="CartComponent"/>
  <testcase name="CartComponent devrait retourner une couleur selon le niveau" time="0.001" classname="CartComponent"/>
  <testcase name="CartComponent devrait charger le panier" time="0.002" classname="CartComponent"/>
  <testcase name="CartComponent devrait retourner le total" time="0.002" classname="CartComponent"/>
  <testcase name="CartComponent devrait retourner le nombre d’items" time="0.001" classname="CartComponent"/>
  <testcase name="CartComponent devrait charger les items avec détails" time="0.002" classname="CartComponent"/>
  <testcase name="CartComponent devrait naviguer vers paiement" time="0.001" classname="CartComponent"/>
  <testcase name="CartComponent devrait vider le panier" time="0.002" classname="CartComponent"/>
  <testcase name="CartComponent devrait continuer shopping" time="0.001" classname="CartComponent"/>
  <testcase name="ReclamationComponent Statistiques devrait calculer les statistiques correctement" time="0.068" classname="ReclamationComponent Statistiques"/>
  <testcase name="ReclamationComponent Filtres et Recherche devrait afficher toutes les réclamations avec le filtre ALL" time="0.001" classname="ReclamationComponent Filtres et Recherche"/>
  <testcase name="ReclamationComponent Filtres et Recherche devrait filtrer par statut PENDING" time="0.002" classname="ReclamationComponent Filtres et Recherche"/>
  <testcase name="ReclamationComponent Filtres et Recherche devrait retourner 0 résultats pour une recherche sans correspondance" time="0.001" classname="ReclamationComponent Filtres et Recherche"/>
  <testcase name="ReclamationComponent Filtres et Recherche devrait filtrer par recherche textuelle" time="0.006" classname="ReclamationComponent Filtres et Recherche"/>
  <testcase name="ReclamationComponent Filtres et Recherche devrait compter correctement les réclamations par filtre" time="0.002" classname="ReclamationComponent Filtres et Recherche"/>
  <testcase name="ReclamationComponent Satisfaction devrait mettre à jour le score de satisfaction" time="0.002" classname="ReclamationComponent Satisfaction"/>
  <testcase name="ReclamationComponent Satisfaction ne devrait pas nécessiter d'évaluation si statut PENDING" time="0.003" classname="ReclamationComponent Satisfaction"/>
  <testcase name="ReclamationComponent Satisfaction devrait initialiser un brouillon de satisfaction" time="0.002" classname="ReclamationComponent Satisfaction"/>
  <testcase name="ReclamationComponent Satisfaction devrait soumettre la satisfaction" time="0.002" classname="ReclamationComponent Satisfaction"/>
  <testcase name="ReclamationComponent Satisfaction ne devrait pas nécessiter d'évaluation si déjà noté" time="0.002" classname="ReclamationComponent Satisfaction"/>
  <testcase name="ReclamationComponent Satisfaction ne devrait pas soumettre si score = 0" time="0.009" classname="ReclamationComponent Satisfaction"/>
  <testcase name="ReclamationComponent Satisfaction devrait retourner le bon label pour chaque score" time="0.002" classname="ReclamationComponent Satisfaction"/>
  <testcase name="ReclamationComponent Satisfaction devrait nécessiter une évaluation pour une réclamation résolue sans score" time="0.001" classname="ReclamationComponent Satisfaction"/>
  <testcase name="ReclamationComponent Réponses et Messages devrait identifier un message de l'apprenant par senderType LEARNER" time="0.001" classname="ReclamationComponent Réponses et Messages"/>
  <testcase name="ReclamationComponent Réponses et Messages devrait permettre de répondre si statut IN_PROGRESS" time="0.002" classname="ReclamationComponent Réponses et Messages"/>
  <testcase name="ReclamationComponent Réponses et Messages devrait permettre de répondre si statut PENDING" time="0.002" classname="ReclamationComponent Réponses et Messages"/>
  <testcase name="ReclamationComponent Réponses et Messages devrait identifier un message admin par senderType ADMIN" time="0.002" classname="ReclamationComponent Réponses et Messages"/>
  <testcase name="ReclamationComponent Réponses et Messages devrait soumettre une réponse avec citation" time="0.004" classname="ReclamationComponent Réponses et Messages"/>
  <testcase name="ReclamationComponent Réponses et Messages ne devrait pas permettre de répondre si statut RESOLVED" time="0.001" classname="ReclamationComponent Réponses et Messages"/>
  <testcase name="ReclamationComponent Réponses et Messages devrait gérer le texte de réponse de l'apprenant" time="0.001" classname="ReclamationComponent Réponses et Messages"/>
  <testcase name="ReclamationComponent Navigation devrait aller au formulaire" time="0.002" classname="ReclamationComponent Navigation"/>
  <testcase name="ReclamationComponent Navigation devrait ouvrir le détail d'une réclamation" time="0.003" classname="ReclamationComponent Navigation"/>
  <testcase name="ReclamationComponent Navigation devrait aller à la FAQ" time="0.002" classname="ReclamationComponent Navigation"/>
  <testcase name="ReclamationComponent Navigation devrait retourner à la liste" time="0.001" classname="ReclamationComponent Navigation"/>
  <testcase name="ReclamationComponent Onboarding devrait reculer à l'étape précédente" time="0.001" classname="ReclamationComponent Onboarding"/>
  <testcase name="ReclamationComponent Onboarding devrait avancer à l'étape suivante" time="0.001" classname="ReclamationComponent Onboarding"/>
  <testcase name="ReclamationComponent Onboarding devrait sauter l'onboarding" time="0.002" classname="ReclamationComponent Onboarding"/>
  <testcase name="ReclamationComponent Onboarding devrait finir l'onboarding à la dernière étape" time="0.001" classname="ReclamationComponent Onboarding"/>
  <testcase name="ReclamationComponent Initialisation devrait charger les réclamations au ngOnInit" time="0.006" classname="ReclamationComponent Initialisation"/>
  <testcase name="ReclamationComponent Initialisation devrait retourner null si aucun utilisateur connecté" time="0.002" classname="ReclamationComponent Initialisation"/>
  <testcase name="ReclamationComponent Initialisation devrait avoir learnerId égal à l'id de l'utilisateur" time="0.001" classname="ReclamationComponent Initialisation"/>
  <testcase name="ReclamationComponent Initialisation devrait créer le composant" time="0.001" classname="ReclamationComponent Initialisation"/>
  <testcase name="ReclamationComponent Initialisation devrait récupérer l'utilisateur courant au ngOnInit" time="0.004" classname="ReclamationComponent Initialisation"/>
  <testcase name="ReclamationComponent Helpers et Formatage devrait retourner la config de statut RESOLVED" time="0.002" classname="ReclamationComponent Helpers et Formatage"/>
  <testcase name="ReclamationComponent Helpers et Formatage devrait retourner la config de priorité haute" time="0.001" classname="ReclamationComponent Helpers et Formatage"/>
  <testcase name="ReclamationComponent Helpers et Formatage devrait retourner la config de priorité basse" time="0.001" classname="ReclamationComponent Helpers et Formatage"/>
  <testcase name="ReclamationComponent Helpers et Formatage devrait retourner la config de type TECHNICAL" time="0.001" classname="ReclamationComponent Helpers et Formatage"/>
  <testcase name="ReclamationComponent Helpers et Formatage devrait afficher une notification" time="0.003" classname="ReclamationComponent Helpers et Formatage"/>
  <testcase name="ReclamationComponent Helpers et Formatage devrait cacher une card après double toggle" time="0.001" classname="ReclamationComponent Helpers et Formatage"/>
  <testcase name="ReclamationComponent Helpers et Formatage devrait retourner la config de statut PENDING" time="0.002" classname="ReclamationComponent Helpers et Formatage"/>
  <testcase name="ReclamationComponent Helpers et Formatage devrait formater une date correctement" time="0.001" classname="ReclamationComponent Helpers et Formatage"/>
  <testcase name="ReclamationComponent Helpers et Formatage devrait afficher une card après toggle" time="0.001" classname="ReclamationComponent Helpers et Formatage"/>
  <testcase name="ReclamationComponent Helpers et Formatage devrait retourner - pour une date undefined" time="0.001" classname="ReclamationComponent Helpers et Formatage"/>
  <testcase name="ReclamationComponent Helpers et Formatage devrait retourner la config de type PAYMENT" time="0.001" classname="ReclamationComponent Helpers et Formatage"/>
  <testcase name="ReclamationComponent Helpers et Formatage devrait retourner la date du jour au format ISO" time="0.001" classname="ReclamationComponent Helpers et Formatage"/>
  <testcase name="ReclamationComponent Réactions aux messages devrait supprimer une réaction" time="0.002" classname="ReclamationComponent Réactions aux messages"/>
  <testcase name="ReclamationComponent Réactions aux messages devrait ajouter une réaction 👍" time="0.001" classname="ReclamationComponent Réactions aux messages"/>
  <testcase name="ReclamationComponent Détection automatique de type ne devrait pas afficher de suggestion si le type est déjà sélectionné" time="0.001" classname="ReclamationComponent Détection automatique de type"/>
  <testcase name="ReclamationComponent Détection automatique de type devrait ignorer la suggestion" time="0.002" classname="ReclamationComponent Détection automatique de type"/>
  <testcase name="ReclamationComponent Détection automatique de type devrait afficher une suggestion si l'IA en retourne une" time="0.001" classname="ReclamationComponent Détection automatique de type"/>
  <testcase name="ReclamationComponent Détection automatique de type devrait appliquer la suggestion" time="0.001" classname="ReclamationComponent Détection automatique de type"/>
  <testcase name="ReclamationComponent Suppression de Réclamation devrait supprimer une réclamation" time="0.001" classname="ReclamationComponent Suppression de Réclamation"/>
  <testcase name="ReclamationComponent Suppression de Réclamation ne devrait pas supprimer si l'utilisateur annule" time="0.001" classname="ReclamationComponent Suppression de Réclamation"/>
  <testcase name="ReclamationComponent FAQ devrait toggle un item FAQ" time="0.005" classname="ReclamationComponent FAQ"/>
  <testcase name="ReclamationComponent FAQ devrait retourner tous les items si recherche vide" time="0.005" classname="ReclamationComponent FAQ"/>
  <testcase name="ReclamationComponent FAQ devrait filtrer la FAQ par recherche" time="0.005" classname="ReclamationComponent FAQ"/>
  <testcase name="ReclamationComponent FAQ devrait construire les items FAQ" time="0.005" classname="ReclamationComponent FAQ"/>
  <testcase name="ReclamationComponent Formulaire de Réclamation devrait soumettre une réclamation valide" time="0.003" classname="ReclamationComponent Formulaire de Réclamation"/>
  <testcase name="ReclamationComponent Formulaire de Réclamation devrait afficher les champs PAYMENT pour le type PAYMENT" time="0.001" classname="ReclamationComponent Formulaire de Réclamation"/>
  <testcase name="ReclamationComponent Formulaire de Réclamation devrait afficher les champs spécifiques selon le type TECHNICAL" time="0.002" classname="ReclamationComponent Formulaire de Réclamation"/>
  <testcase name="ReclamationComponent Formulaire de Réclamation devrait invalider le formulaire si le sujet est vide" time="0.002" classname="ReclamationComponent Formulaire de Réclamation"/>
  <testcase name="ReclamationComponent Formulaire de Réclamation devrait valider le formulaire si sujet et description sont remplis" time="0.001" classname="ReclamationComponent Formulaire de Réclamation"/>
  <testcase name="ReclamationComponent Formulaire de Réclamation devrait réinitialiser le formulaire" time="0.001" classname="ReclamationComponent Formulaire de Réclamation"/>
  <testcase name="ReclamationComponent Formulaire de Réclamation devrait calculer la progression du formulaire" time="0.002" classname="ReclamationComponent Formulaire de Réclamation"/>
  <testcase name="ReclamationComponent Formulaire de Réclamation ne devrait pas soumettre si le formulaire est invalide" time="0.001" classname="ReclamationComponent Formulaire de Réclamation"/>
  <testcase name="ReclamationComponent Formulaire de Réclamation devrait invalider le formulaire si la description est vide" time="0.001" classname="ReclamationComponent Formulaire de Réclamation"/>
  <testcase name="ReclamationComponent Citations devrait citer un message admin" time="0.001" classname="ReclamationComponent Citations"/>
  <testcase name="ReclamationComponent Citations devrait annuler une citation" time="0.001" classname="ReclamationComponent Citations"/>
  <testcase name="InstallmentSuccessComponent should create" time="0.008" classname="InstallmentSuccessComponent"/>
  <testcase name="PaymentSuccessComponent devrait envoyer email facture" time="0.009" classname="PaymentSuccessComponent"/>
  <testcase name="PaymentSuccessComponent devrait charger facture par invoiceNumber" time="0.001" classname="PaymentSuccessComponent"/>
  <testcase name="PaymentSuccessComponent devrait naviguer vers courses" time="0.001" classname="PaymentSuccessComponent"/>
  <testcase name="PaymentSuccessComponent devrait charger user" time="0.001" classname="PaymentSuccessComponent"/>
  <testcase name="PaymentSuccessComponent devrait charger facture via learner" time="0.002" classname="PaymentSuccessComponent"/>
  <testcase name="PaymentSuccessComponent devrait créer le composant" time="0.001" classname="PaymentSuccessComponent"/>
  <testcase name="PaymentSuccessComponent devrait gérer absence user/email" time="0.001" classname="PaymentSuccessComponent"/>
  <testcase name="PaymentSuccessComponent devrait rejouer email" time="0.001" classname="PaymentSuccessComponent"/>
  <system-out>
    <![CDATA[Chrome Headless 147.0.0.0 (Windows 10) ALERT: 'Nouveau code envoyé !'
,Chrome Headless 147.0.0.0 (Windows 10) LOG: 'Plan créé, planId:', 1
,Chrome Headless 147.0.0.0 (Windows 10) LOG: 'Plans chargés:', [Object{planId: 1, learnerId: 1001, totalAmount: 100, amountWithFees: 120, feePercentage: 20, numberOfInstallments: 2, installmentAmount: 60, status: 'ACTIVE', createdAt: '2026-05-01T14:28:12.047Z', installments: [..., ...]}, Object{planId: 2, learnerId: 1002, totalAmount: 200, amountWithFees: 240, feePercentage: 20, numberOfInstallments: 2, installmentAmount: 120, status: 'COMPLETED', createdAt: '2026-05-01T14:28:12.047Z', installments: []}]
,Chrome Headless 147.0.0.0 (Windows 10) LOG: '🟢 loadReclamations appelée'
,Chrome Headless 147.0.0.0 (Windows 10) LOG: '🟢 Réclamations reçues:', 1
,Chrome Headless 147.0.0.0 (Windows 10) LOG: '🟢 loadReclamations appelée'
,Chrome Headless 147.0.0.0 (Windows 10) LOG: '🟢 Réclamations reçues:', 1
,Chrome Headless 147.0.0.0 (Windows 10) ALERT: '✅ Demande envoyée ! Vous recevrez une réponse sous 48h.'
,Chrome Headless 147.0.0.0 (Windows 10) ALERT: 'Nouveau code envoyé !'
,Chrome Headless 147.0.0.0 (Windows 10) LOG: 'Cours retiré du panier avec succès'
,Chrome Headless 147.0.0.0 (Windows 10) LOG: '[WS] Pas encore connecté pour rec#1'
,Chrome Headless 147.0.0.0 (Windows 10) LOG: '🟢 autoDetectType appelé'
,Chrome Headless 147.0.0.0 (Windows 10) LOG: 'Sujet:', ''
,Chrome Headless 147.0.0.0 (Windows 10) LOG: 'Description:', ''
,Chrome Headless 147.0.0.0 (Windows 10) LOG: '🔴 Pas de texte à analyser'
,Chrome Headless 147.0.0.0 (Windows 10) LOG: '🟢 autoDetectType appelé'
,Chrome Headless 147.0.0.0 (Windows 10) LOG: 'Sujet:', 'Mon paiement a échoué hier'
,Chrome Headless 147.0.0.0 (Windows 10) LOG: 'Description:', 'La transaction a été refusée'
,Chrome Headless 147.0.0.0 (Windows 10) LOG: '🟢 Réponse reçue:', Object{hasSuggestion: true, suggestedType: 'PAYMENT', suggestedLabel: 'Problème de paiement', confidence: 80, matchedKeywords: ['paiement', 'remboursement']}
,Chrome Headless 147.0.0.0 (Windows 10) LOG: '🟢 Suggestion à afficher:', 'Problème de paiement'
,Chrome Headless 147.0.0.0 (Windows 10) LOG: 'Facture INV-001 envoyée à ines@test.com'
,Chrome Headless 147.0.0.0 (Windows 10) LOG: 'Facture INV-001 envoyée à ines@test.com'
,Chrome Headless 147.0.0.0 (Windows 10) LOG: 'Facture INV-001 envoyée à ines@test.com'
,Chrome Headless 147.0.0.0 (Windows 10) LOG: 'Facture INV-001 envoyée à ines@test.com'
,Chrome Headless 147.0.0.0 (Windows 10) LOG: 'Facture INV-001 envoyée à ines@test.com'

]]>
  </system-out>
  <system-err/>
</testsuite>